{
  "RSpec": {
    "coverage": {
      "/home/momer/projects/kwux/kwux-components/kwux-frontend/config/environment.rb": {
        "lines": [
          null,
          1,
          null,
          null,
          1
        ]
      },
      "/home/momer/projects/kwux/kwux-components/kwux-frontend/config/application.rb": {
        "lines": [
          1,
          null,
          1,
          null,
          null,
          null,
          1,
          null,
          1,
          1,
          null,
          1,
          null,
          null,
          1,
          null,
          null,
          1,
          null,
          null,
          1,
          null,
          null,
          null,
          null,
          null,
          null,
          null,
          null,
          1,
          null,
          1,
          null,
          1,
          1,
          null,
          null,
          1,
          null,
          null,
          null,
          1,
          1,
          null,
          null,
          1,
          null,
          null
        ]
      },
      "/home/momer/projects/kwux/kwux-components/kwux-frontend/config/boot.rb": {
        "lines": [
          1,
          null,
          1,
          1
        ]
      },
      "/home/momer/projects/kwux/kwux-components/kwux-frontend/config/environments/test.rb": {
        "lines": [
          1,
          null,
          null,
          null,
          null,
          null,
          null,
          1,
          null,
          null,
          null,
          1,
          null,
          null,
          null,
          null,
          1,
          null,
          null,
          1,
          1,
          null,
          null,
          null,
          null,
          1,
          1,
          1,
          null,
          null,
          1,
          null,
          null,
          1,
          null,
          null,
          1,
          null,
          1,
          null,
          null,
          null,
          null,
          1,
          null,
          null,
          1,
          null,
          null,
          1,
          null,
          null,
          1,
          null,
          null,
          null,
          null,
          null,
          null,
          null
        ]
      },
      "/home/momer/projects/kwux/kwux-components/kwux-frontend/config/initializers/assets.rb": {
        "lines": [
          null,
          null,
          null,
          1,
          null,
          null,
          null,
          null,
          null,
          null,
          null,
          null,
          null,
          1
        ]
      },
      "/home/momer/projects/kwux/kwux-components/kwux-frontend/config/initializers/content_security_policy.rb": {
        "lines": [
          null,
          null,
          null,
          null,
          null,
          null,
          null,
          null,
          null,
          null,
          null,
          null,
          null,
          null,
          null,
          null,
          null,
          null,
          null,
          null,
          null,
          null,
          null,
          null,
          null
        ]
      },
      "/home/momer/projects/kwux/kwux-components/kwux-frontend/config/initializers/filter_parameter_logging.rb": {
        "lines": [
          null,
          null,
          null,
          null,
          null,
          1,
          null,
          null
        ]
      },
      "/home/momer/projects/kwux/kwux-components/kwux-frontend/config/initializers/inflections.rb": {
        "lines": [
          null,
          null,
          null,
          null,
          null,
          null,
          null,
          null,
          null,
          null,
          null,
          null,
          null,
          null,
          null,
          null
        ]
      },
      "/home/momer/projects/kwux/kwux-components/kwux-frontend/config/initializers/permissions_policy.rb": {
        "lines": [
          null,
          null,
          null,
          null,
          null,
          null,
          null,
          null,
          null,
          null,
          null
        ]
      },
      "/home/momer/projects/kwux/kwux-components/kwux-frontend/config/initializers/rollbar.rb": {
        "lines": [
          1,
          null,
          null,
          null,
          1,
          null,
          null,
          1,
          0,
          null,
          null,
          null,
          null,
          null,
          null,
          null,
          null,
          null,
          null,
          null,
          null,
          null,
          null,
          null,
          null,
          null,
          null,
          null,
          null,
          null,
          null,
          null,
          null,
          null,
          null,
          null,
          null,
          null,
          null,
          null,
          null,
          null,
          null,
          null,
          null,
          null,
          null,
          null,
          null,
          null,
          null,
          null,
          null,
          null,
          null,
          null,
          null,
          null,
          null,
          null,
          null,
          null,
          null,
          null,
          null,
          null,
          null,
          null,
          null,
          1,
          null
        ]
      },
      "/home/momer/projects/kwux/kwux-components/kwux-frontend/config/initializers/sidekiq.rb": {
        "lines": [
          1,
          null,
          0,
          0,
          0,
          0,
          0,
          null,
          0,
          null,
          1,
          null,
          null,
          1,
          0,
          null,
          null,
          1,
          1,
          null
        ]
      },
      "/home/momer/projects/kwux/kwux-components/kwux-frontend/spec/factories/waitlist/users_factory.rb": {
        "lines": [
          1,
          1,
          2,
          2,
          2,
          null,
          null,
          1,
          1,
          1,
          1,
          null,
          null
        ]
      },
      "/home/momer/projects/kwux/kwux-components/kwux-frontend/config/routes.rb": {
        "lines": [
          1,
          1,
          0,
          0,
          0,
          0,
          null,
          null,
          1,
          1,
          null,
          null,
          null,
          null,
          1,
          null,
          null,
          1,
          1,
          1,
          null,
          null
        ]
      },
      "/home/momer/projects/kwux/kwux-components/kwux-frontend/app/helpers/application_helper.rb": {
        "lines": [
          1,
          null
        ]
      },
      "/home/momer/projects/kwux/kwux-components/kwux-frontend/app/models/waitlist.rb": {
        "lines": [
          1,
          1,
          1,
          null,
          null
        ]
      },
      "/home/momer/projects/kwux/kwux-components/kwux-frontend/app/helpers/waitlist/users_helper.rb": {
        "lines": [
          1,
          null
        ]
      },
      "/home/momer/projects/kwux/kwux-components/kwux-frontend/spec/support/capybara.rb": {
        "lines": [
          null,
          1,
          null,
          1
        ]
      },
      "/home/momer/projects/kwux/kwux-components/kwux-frontend/spec/support/factory_bot.rb": {
        "lines": [
          null,
          1,
          1,
          null
        ]
      },
      "/home/momer/projects/kwux/kwux-components/kwux-frontend/spec/support/shoulda_matchers.rb": {
        "lines": [
          1,
          1,
          1,
          1,
          null,
          null
        ]
      },
      "/home/momer/projects/kwux/kwux-components/kwux-frontend/app/models/waitlist/user.rb": {
        "lines": [
          null,
          null,
          null,
          null,
          null,
          null,
          null,
          null,
          null,
          null,
          null,
          null,
          1,
          1,
          null,
          null,
          null,
          null,
          null,
          null,
          1,
          1,
          5,
          1,
          3,
          null,
          1,
          null
        ]
      },
      "/home/momer/projects/kwux/kwux-components/kwux-frontend/app/models/application_record.rb": {
        "lines": [
          1,
          1,
          null
        ]
      }
    },
    "timestamp": 1674933561
  }
}
